d:\elte\felevek\6\szakdolgozat\szakdolgozat\szakdolgozat\debug\vc120.pdb
d:\elte\felevek\6\szakdolgozat\szakdolgozat\szakdolgozat\debug\vc120.idb
d:\elte\felevek\6\szakdolgozat\szakdolgozat\szakdolgozat\debug\glutils.obj
d:\elte\felevek\6\szakdolgozat\szakdolgozat\szakdolgozat\debug\main.obj
d:\elte\felevek\6\szakdolgozat\szakdolgozat\szakdolgozat\debug\myapp.obj
d:\elte\felevek\6\szakdolgozat\szakdolgozat\debug\szakdolgozat.pdb
d:\elte\felevek\6\szakdolgozat\szakdolgozat\szakdolgozat\debug\szakdolgozat.tlog\cl.command.1.tlog
d:\elte\felevek\6\szakdolgozat\szakdolgozat\szakdolgozat\debug\szakdolgozat.tlog\cl.read.1.tlog
d:\elte\felevek\6\szakdolgozat\szakdolgozat\szakdolgozat\debug\szakdolgozat.tlog\cl.write.1.tlog
d:\elte\felevek\6\szakdolgozat\szakdolgozat\szakdolgozat\debug\szakdolgozat.tlog\link-cvtres.read.1.tlog
d:\elte\felevek\6\szakdolgozat\szakdolgozat\szakdolgozat\debug\szakdolgozat.tlog\link-cvtres.write.1.tlog
d:\elte\felevek\6\szakdolgozat\szakdolgozat\szakdolgozat\debug\szakdolgozat.tlog\link-rc.read.1.tlog
d:\elte\felevek\6\szakdolgozat\szakdolgozat\szakdolgozat\debug\szakdolgozat.tlog\link-rc.write.1.tlog
d:\elte\felevek\6\szakdolgozat\szakdolgozat\szakdolgozat\debug\szakdolgozat.tlog\link.236-cvtres.read.1.tlog
d:\elte\felevek\6\szakdolgozat\szakdolgozat\szakdolgozat\debug\szakdolgozat.tlog\link.236-cvtres.write.1.tlog
d:\elte\felevek\6\szakdolgozat\szakdolgozat\szakdolgozat\debug\szakdolgozat.tlog\link.236-rc.read.1.tlog
d:\elte\felevek\6\szakdolgozat\szakdolgozat\szakdolgozat\debug\szakdolgozat.tlog\link.236-rc.write.1.tlog
d:\elte\felevek\6\szakdolgozat\szakdolgozat\szakdolgozat\debug\szakdolgozat.tlog\link.236.read.1.tlog
d:\elte\felevek\6\szakdolgozat\szakdolgozat\szakdolgozat\debug\szakdolgozat.tlog\link.236.write.1.tlog
d:\elte\felevek\6\szakdolgozat\szakdolgozat\szakdolgozat\debug\szakdolgozat.tlog\link.command.1.tlog
d:\elte\felevek\6\szakdolgozat\szakdolgozat\szakdolgozat\debug\szakdolgozat.tlog\link.read.1.tlog
d:\elte\felevek\6\szakdolgozat\szakdolgozat\szakdolgozat\debug\szakdolgozat.tlog\link.write.1.tlog
