d:\elte\felevek\6\szakdolgozat\szakdolgozat\szakdolgozat\x64\debug\vc140.pdb
d:\elte\felevek\6\szakdolgozat\szakdolgozat\szakdolgozat\x64\debug\vc140.idb
d:\elte\felevek\6\szakdolgozat\szakdolgozat\szakdolgozat\x64\debug\cameraandlight.obj
d:\elte\felevek\6\szakdolgozat\szakdolgozat\szakdolgozat\x64\debug\objectcreator.obj
d:\elte\felevek\6\szakdolgozat\szakdolgozat\szakdolgozat\x64\debug\utility.obj
d:\elte\felevek\6\szakdolgozat\szakdolgozat\szakdolgozat\x64\debug\main.obj
d:\elte\felevek\6\szakdolgozat\szakdolgozat\szakdolgozat\x64\debug\vis.obj
d:\elte\felevek\6\szakdolgozat\szakdolgozat\szakdolgozat\x64\debug\moc_userinterface.obj
d:\elte\felevek\6\szakdolgozat\szakdolgozat\szakdolgozat\x64\debug\userinterface.obj
d:\elte\felevek\6\szakdolgozat\szakdolgozat\generatedfiles\debug\moc_userinterface.cpp
d:\elte\felevek\6\szakdolgozat\szakdolgozat\x64\debug\szakdolgozat.ilk
d:\elte\felevek\6\szakdolgozat\szakdolgozat\x64\debug\szakdolgozat.exe
d:\elte\felevek\6\szakdolgozat\szakdolgozat\x64\debug\szakdolgozat.pdb
d:\elte\felevek\6\szakdolgozat\szakdolgozat\szakdolgozat\x64\debug\szakdolgozat.tlog\cl.command.1.tlog
d:\elte\felevek\6\szakdolgozat\szakdolgozat\szakdolgozat\x64\debug\szakdolgozat.tlog\cl.read.1.tlog
d:\elte\felevek\6\szakdolgozat\szakdolgozat\szakdolgozat\x64\debug\szakdolgozat.tlog\cl.write.1.tlog
d:\elte\felevek\6\szakdolgozat\szakdolgozat\szakdolgozat\x64\debug\szakdolgozat.tlog\custombuild.command.1.tlog
d:\elte\felevek\6\szakdolgozat\szakdolgozat\szakdolgozat\x64\debug\szakdolgozat.tlog\custombuild.read.1.tlog
d:\elte\felevek\6\szakdolgozat\szakdolgozat\szakdolgozat\x64\debug\szakdolgozat.tlog\custombuild.write.1.tlog
d:\elte\felevek\6\szakdolgozat\szakdolgozat\szakdolgozat\x64\debug\szakdolgozat.tlog\link.command.1.tlog
d:\elte\felevek\6\szakdolgozat\szakdolgozat\szakdolgozat\x64\debug\szakdolgozat.tlog\link.read.1.tlog
d:\elte\felevek\6\szakdolgozat\szakdolgozat\szakdolgozat\x64\debug\szakdolgozat.tlog\link.write.1.tlog
