  CameraAndLight.cpp
Utils\CameraAndLight.cpp(91): warning C4244: 'argument': conversion from 'double' to 'float', possible loss of data
Utils\CameraAndLight.cpp(97): warning C4244: '=': conversion from 'int' to 'float', possible loss of data
Utils\CameraAndLight.cpp(100): warning C4244: 'argument': conversion from 'double' to 'float', possible loss of data
Utils\CameraAndLight.cpp(104): warning C4244: '=': conversion from 'int' to 'float', possible loss of data
Utils\CameraAndLight.cpp(107): warning C4244: 'argument': conversion from 'double' to 'float', possible loss of data
Utils\CameraAndLight.cpp(111): warning C4244: '=': conversion from 'int' to 'float', possible loss of data
Utils\CameraAndLight.cpp(114): warning C4244: 'argument': conversion from 'double' to 'float', possible loss of data
Utils\CameraAndLight.cpp(118): warning C4244: '=': conversion from 'int' to 'float', possible loss of data
Utils\CameraAndLight.cpp(121): warning C4244: 'argument': conversion from 'double' to 'float', possible loss of data
Utils\CameraAndLight.cpp(134): warning C4244: 'argument': conversion from 'int' to 'float', possible loss of data
Utils\CameraAndLight.cpp(134): warning C4244: 'argument': conversion from 'double' to 'float', possible loss of data
Utils\CameraAndLight.cpp(142): warning C4244: 'argument': conversion from 'int' to 'float', possible loss of data
Utils\CameraAndLight.cpp(142): warning C4244: 'argument': conversion from 'double' to 'float', possible loss of data
  Generating code
  2 of 5120 functions ( 0.0%) were compiled, the rest were copied from previous compilation.
    0 functions were new in current compilation
    1 functions had inline decision re-evaluated but remain unchanged
  Finished generating code
  szakdolgozat.vcxproj -> D:\ELTE\Felevek\6\szakdolgozat\szakdolgozat\x64\Release\szakdolgozat.exe
