d:\elte\felevek\6\szakdolgozat\szakdolgozat\szakdolgozat\x64\release\vc140.pdb
d:\elte\felevek\6\szakdolgozat\szakdolgozat\szakdolgozat\x64\release\main.obj
d:\elte\felevek\6\szakdolgozat\szakdolgozat\szakdolgozat\x64\release\vis.obj
d:\elte\felevek\6\szakdolgozat\szakdolgozat\szakdolgozat\x64\release\utility.obj
d:\elte\felevek\6\szakdolgozat\szakdolgozat\szakdolgozat\x64\release\objectcreator.obj
d:\elte\felevek\6\szakdolgozat\szakdolgozat\szakdolgozat\x64\release\cameraandlight.obj
d:\elte\felevek\6\szakdolgozat\szakdolgozat\szakdolgozat\x64\release\userinterface.obj
d:\elte\felevek\6\szakdolgozat\szakdolgozat\szakdolgozat\x64\release\moc_userinterface.obj
d:\elte\felevek\6\szakdolgozat\szakdolgozat\generatedfiles\moc_userinterface.cpp
d:\elte\felevek\6\szakdolgozat\szakdolgozat\x64\release\szakdolgozat.exe
d:\elte\felevek\6\szakdolgozat\szakdolgozat\x64\release\szakdolgozat.ipdb
d:\elte\felevek\6\szakdolgozat\szakdolgozat\x64\release\szakdolgozat.iobj
d:\elte\felevek\6\szakdolgozat\szakdolgozat\x64\release\szakdolgozat.pdb
d:\elte\felevek\6\szakdolgozat\szakdolgozat\szakdolgozat\x64\release\szakdolgozat.res
d:\elte\felevek\6\szakdolgozat\szakdolgozat\szakdolgozat\x64\release\szakdolgozat.tlog\cl.command.1.tlog
d:\elte\felevek\6\szakdolgozat\szakdolgozat\szakdolgozat\x64\release\szakdolgozat.tlog\cl.read.1.tlog
d:\elte\felevek\6\szakdolgozat\szakdolgozat\szakdolgozat\x64\release\szakdolgozat.tlog\cl.write.1.tlog
d:\elte\felevek\6\szakdolgozat\szakdolgozat\szakdolgozat\x64\release\szakdolgozat.tlog\custombuild.command.1.tlog
d:\elte\felevek\6\szakdolgozat\szakdolgozat\szakdolgozat\x64\release\szakdolgozat.tlog\custombuild.read.1.tlog
d:\elte\felevek\6\szakdolgozat\szakdolgozat\szakdolgozat\x64\release\szakdolgozat.tlog\custombuild.write.1.tlog
d:\elte\felevek\6\szakdolgozat\szakdolgozat\szakdolgozat\x64\release\szakdolgozat.tlog\link.command.1.tlog
d:\elte\felevek\6\szakdolgozat\szakdolgozat\szakdolgozat\x64\release\szakdolgozat.tlog\link.read.1.tlog
d:\elte\felevek\6\szakdolgozat\szakdolgozat\szakdolgozat\x64\release\szakdolgozat.tlog\link.write.1.tlog
d:\elte\felevek\6\szakdolgozat\szakdolgozat\szakdolgozat\x64\release\szakdolgozat.tlog\rc.command.1.tlog
d:\elte\felevek\6\szakdolgozat\szakdolgozat\szakdolgozat\x64\release\szakdolgozat.tlog\rc.read.1.tlog
d:\elte\felevek\6\szakdolgozat\szakdolgozat\szakdolgozat\x64\release\szakdolgozat.tlog\rc.write.1.tlog
